[30-Jul-2025 07:59:03 UTC] PHP Deprecated:  urlencode(): Passing null to parameter #1 ($string) of type string is deprecated in C:\wamp64\www\AA1_doli\htdocs\custom\roundcubemodule\roundcube\plugins\save2dolibarr\save2dolibarr.php on line 263
[30-Jul-2025 07:59:03 UTC] PHP Stack trace:
[30-Jul-2025 07:59:03 UTC] PHP   1. {main}() C:\wamp64\www\AA1_doli\htdocs\custom\roundcubemodule\roundcube\index.php:0
[30-Jul-2025 07:59:03 UTC] PHP   2. rcmail->action_handler() C:\wamp64\www\AA1_doli\htdocs\custom\roundcubemodule\roundcube\index.php:278
[30-Jul-2025 07:59:03 UTC] PHP   3. rcube_plugin_api->exec_action($action = 'plugin.save2dolibarr_search_targets') C:\wamp64\www\AA1_doli\htdocs\custom\roundcubemodule\roundcube\program\include\rcmail.php:255
[30-Jul-2025 07:59:03 UTC] PHP   4. save2dolibarr->search_targets() C:\wamp64\www\AA1_doli\htdocs\custom\roundcubemodule\roundcube\program\lib\Roundcube\rcube_plugin_api.php:577
[30-Jul-2025 07:59:03 UTC] PHP   5. urlencode($string = NULL) C:\wamp64\www\AA1_doli\htdocs\custom\roundcubemodule\roundcube\plugins\save2dolibarr\save2dolibarr.php:263
[30-Jul-2025 07:59:03 UTC] PHP Deprecated:  urlencode(): Passing null to parameter #1 ($string) of type string is deprecated in C:\wamp64\www\AA1_doli\htdocs\custom\roundcubemodule\roundcube\plugins\save2dolibarr\save2dolibarr.php on line 263
[30-Jul-2025 07:59:03 UTC] PHP Stack trace:
[30-Jul-2025 07:59:03 UTC] PHP   1. {main}() C:\wamp64\www\AA1_doli\htdocs\custom\roundcubemodule\roundcube\index.php:0
[30-Jul-2025 07:59:03 UTC] PHP   2. rcmail->action_handler() C:\wamp64\www\AA1_doli\htdocs\custom\roundcubemodule\roundcube\index.php:278
[30-Jul-2025 07:59:03 UTC] PHP   3. rcube_plugin_api->exec_action($action = 'plugin.save2dolibarr_search_targets') C:\wamp64\www\AA1_doli\htdocs\custom\roundcubemodule\roundcube\program\include\rcmail.php:255
[30-Jul-2025 07:59:03 UTC] PHP   4. save2dolibarr->search_targets() C:\wamp64\www\AA1_doli\htdocs\custom\roundcubemodule\roundcube\program\lib\Roundcube\rcube_plugin_api.php:577
[30-Jul-2025 07:59:03 UTC] PHP   5. urlencode($string = NULL) C:\wamp64\www\AA1_doli\htdocs\custom\roundcubemodule\roundcube\plugins\save2dolibarr\save2dolibarr.php:263
[30-Jul-2025 12:19:38 +0000]: <tm9fmnvn> PHP Error: Invalid response code received from server (POST /AA1_doli/htdocs/custom/roundcubemodule/roundcube/?_task=mail&_unlock=loading1753877975643&_framed=1&_action=send)
[30-Jul-2025 12:19:38 +0000]: <tm9fmnvn> SMTP Error: Authentication failure: Incorrect authentication data (Code: 535) in C:\wamp64\www\AA1_doli\htdocs\custom\roundcubemodule\roundcube\program\lib\Roundcube\rcube.php on line 1799 (POST /AA1_doli/htdocs/custom/roundcubemodule/roundcube/?_task=mail&_unlock=loading1753877975643&_framed=1&_action=send)
[30-Jul-2025 13:43:47 UTC] PHP Fatal error:  Uncaught Error: Cannot access protected property Mail_mime::$parts in C:\wamp64\www\AA1_doli\htdocs\custom\roundcubemodule\roundcube\plugins\sentlogger\sentlogger.php:198
Stack trace:
#0 C:\wamp64\www\AA1_doli\htdocs\custom\roundcubemodule\roundcube\program\lib\Roundcube\rcube_plugin_api.php(520): sentlogger->log_sent_email(Array)
#1 C:\wamp64\www\AA1_doli\htdocs\custom\roundcubemodule\roundcube\program\lib\Roundcube\rcube.php(1808): rcube_plugin_api->exec_hook('message_sent', Array)
#2 C:\wamp64\www\AA1_doli\htdocs\custom\roundcubemodule\roundcube\program\include\rcmail_sendmail.php(436): rcube->deliver_message(Object(Mail_mime), 'guykeny.ndayize...', 'Guydany8 <guyda...', NULL, NULL, Array, true)
#3 C:\wamp64\www\AA1_doli\htdocs\custom\roundcubemodule\roundcube\program\actions\mail\send.php(245): rcmail_sendmail->deliver_message(Object(Mail_mime))
#4 C:\wamp64\www\AA1_doli\htdocs\custom\roundcubemodule\roundcube\program\include\rcmail.php(282): rcmail_action_mail_send->run(Array)
#5 C:\wamp64\www\AA1_doli\htdocs\custom\roundcubemodule\roundcube\index.php(278): rcmail->action_handler()
#6 {main}
  thrown in C:\wamp64\www\AA1_doli\htdocs\custom\roundcubemodule\roundcube\plugins\sentlogger\sentlogger.php on line 198
[30-Jul-2025 13:51:27 UTC] PHP Warning:  Undefined array key "mode" in C:\wamp64\www\AA1_doli\htdocs\custom\roundcubemodule\roundcube\program\actions\mail\send.php on line 316
[30-Jul-2025 13:51:27 UTC] PHP Stack trace:
[30-Jul-2025 13:51:27 UTC] PHP   1. {main}() C:\wamp64\www\AA1_doli\htdocs\custom\roundcubemodule\roundcube\index.php:0
[30-Jul-2025 13:51:27 UTC] PHP   2. rcmail->action_handler() C:\wamp64\www\AA1_doli\htdocs\custom\roundcubemodule\roundcube\index.php:278
[30-Jul-2025 13:51:27 UTC] PHP   3. rcmail_action_mail_send->run($args = []) C:\wamp64\www\AA1_doli\htdocs\custom\roundcubemodule\roundcube\program\include\rcmail.php:282
[30-Jul-2025 15:29:40 +0000]: <tm9fmnvn> DB Error: [1615] Prepared statement needs to be re-prepared (SQL Query: UPDATE `users` SET `preferences` = 'a:6:{s:11:\"search_mods\";a:4:{s:1:\"*\";a:2:{s:7:\"subject\";i:1;s:4:\"from\";i:1;}s:28:\"[Gmail]/Messages envoy&AOk-s\";a:2:{s:7:\"subject\";i:1;s:2:\"to\";i:1;}s:18:\"[Gmail]/Brouillons\";a:2:{s:7:\"subject\";i:1;s:2:\"to\";i:1;}s:5:\"INBOX\";a:2:{s:7:\"subject\";i:1;s:4:\"from\";i:1;}}s:11:\"client_hash\";s:16:\"ddDxyA4XA8jViOYy\";s:11:\"drafts_mbox\";s:18:\"[Gmail]/Brouillons\";s:9:\"sent_mbox\";s:28:\"[Gmail]/Messages envoy&AOk-s\";s:9:\"junk_mbox\";s:12:\"[Gmail]/Spam\";s:10:\"trash_mbox\";s:17:\"[Gmail]/Corbeille\";}', `language` = 'fr_FR' WHERE `user_id` = '1') in C:\wamp64\www\dolibarr\htdocs\custom\roundcubemodule\roundcube\program\lib\Roundcube\rcube_db.php on line 577 (GET /dolibarr/htdocs/custom/roundcubemodule/roundcube/?_task=mail&_action=list&_refresh=1&_layout=widescreen&_mbox=INBOX&_page=&_remote=1&_unlock=loading1753889379094&_=1753889378995)
[31-Jul-2025 07:32:02 UTC] PHP Warning:  stream_socket_client(): php_network_getaddresses: getaddrinfo for imap.example.com failed: Hï¿½te inconnu.  in C:\wamp64\www\doli\htdocs\custom\roundcubemodule\roundcube\program\lib\Roundcube\rcube_imap_generic.php on line 1059
[31-Jul-2025 07:32:02 UTC] PHP Stack trace:
[31-Jul-2025 07:32:02 UTC] PHP   1. {main}() C:\wamp64\www\doli\htdocs\custom\roundcubemodule\roundcube\index.php:0
[31-Jul-2025 07:32:02 UTC] PHP   2. rcmail->login($username = 'guykeny.ndayizeye8@gmail.com', $password = 'yrtfzngztljfmiov', $host = 'ssl://imap.example.com:993', $cookiecheck = FALSE) C:\wamp64\www\doli\htdocs\custom\roundcubemodule\roundcube\index.php:119
[31-Jul-2025 07:32:02 UTC] PHP   3. rcube_imap->connect($host = 'imap.example.com', $user = 'guykeny.ndayizeye8@gmail.com', $pass = 'yrtfzngztljfmiov', $port = 993, $use_ssl = 'ssl') C:\wamp64\www\doli\htdocs\custom\roundcubemodule\roundcube\program\include\rcmail.php:780
[31-Jul-2025 07:32:02 UTC] PHP   4. rcube_imap_generic->connect($host = 'imap.example.com', $user = 'guykeny.ndayizeye8@gmail.com', $password = 'yrtfzngztljfmiov', $options = ['auth_type' => 'check', 'skip_deleted' => FALSE, 'auth_cid' => NULL, 'auth_pw' => NULL, 'debug' => TRUE, 'force_caps' => FALSE, 'disabled_caps' => [], 'socket_options' => ['ssl' => [...]], 'timeout' => 0, 'driver' => 'imap', 'abort' => FALSE, 'ssl_mode' => 'ssl', 'port' => 993, 'ident' => ['name' => 'Roundcube', 'version' => '1.6.11', 'php' => '8.3.14', 'os' => 'WINNT', 'command' => '/doli/htdocs/custom/roundcubemodule/roundcube/?_autologin=1&dolibarr_id=1&secret=MyAx37okNmcBQWxsVIGDW29WDXiiuRkqZVZJQ364oyGFjCDzTvSznzQflQvsYpdW'], 'host' => 'imap.example.com', 'user' => 'guykeny.ndayizeye8@gmail.com', 'attempt' => 1, 'retry' => FALSE]) C:\wamp64\www\doli\htdocs\custom\roundcubemodule\roundcube\program\lib\Roundcube\rcube_imap.php:172
[31-Jul-2025 07:32:02 UTC] PHP   5. rcube_imap_generic->_connect($host = 'imap.example.com') C:\wamp64\www\doli\htdocs\custom\roundcubemodule\roundcube\program\lib\Roundcube\rcube_imap_generic.php:940
[31-Jul-2025 07:32:02 UTC] PHP   6. stream_socket_client($address = 'ssl://imap.example.com:993', $error_code = 0, $error_message = '', $timeout = 60, $flags = 4, $context = resource(94) of type (stream-context)) C:\wamp64\www\doli\htdocs\custom\roundcubemodule\roundcube\program\lib\Roundcube\rcube_imap_generic.php:1059
[31-Jul-2025 07:32:02 UTC] PHP Warning:  stream_socket_client(): Unable to connect to ssl://imap.example.com:993 (php_network_getaddresses: getaddrinfo for imap.example.com failed: Hï¿½te inconnu. ) in C:\wamp64\www\doli\htdocs\custom\roundcubemodule\roundcube\program\lib\Roundcube\rcube_imap_generic.php on line 1059
[31-Jul-2025 07:32:02 UTC] PHP Stack trace:
[31-Jul-2025 07:32:02 UTC] PHP   1. {main}() C:\wamp64\www\doli\htdocs\custom\roundcubemodule\roundcube\index.php:0
[31-Jul-2025 07:32:02 UTC] PHP   2. rcmail->login($username = 'guykeny.ndayizeye8@gmail.com', $password = 'yrtfzngztljfmiov', $host = 'ssl://imap.example.com:993', $cookiecheck = FALSE) C:\wamp64\www\doli\htdocs\custom\roundcubemodule\roundcube\index.php:119
[31-Jul-2025 07:32:02 UTC] PHP   3. rcube_imap->connect($host = 'imap.example.com', $user = 'guykeny.ndayizeye8@gmail.com', $pass = 'yrtfzngztljfmiov', $port = 993, $use_ssl = 'ssl') C:\wamp64\www\doli\htdocs\custom\roundcubemodule\roundcube\program\include\rcmail.php:780
[31-Jul-2025 07:32:02 UTC] PHP   4. rcube_imap_generic->connect($host = 'imap.example.com', $user = 'guykeny.ndayizeye8@gmail.com', $password = 'yrtfzngztljfmiov', $options = ['auth_type' => 'check', 'skip_deleted' => FALSE, 'auth_cid' => NULL, 'auth_pw' => NULL, 'debug' => TRUE, 'force_caps' => FALSE, 'disabled_caps' => [], 'socket_options' => ['ssl' => [...]], 'timeout' => 0, 'driver' => 'imap', 'abort' => FALSE, 'ssl_mode' => 'ssl', 'port' => 993, 'ident' => ['name' => 'Roundcube', 'version' => '1.6.11', 'php' => '8.3.14', 'os' => 'WINNT', 'command' => '/doli/htdocs/custom/roundcubemodule/roundcube/?_autologin=1&dolibarr_id=1&secret=MyAx37okNmcBQWxsVIGDW29WDXiiuRkqZVZJQ364oyGFjCDzTvSznzQflQvsYpdW'], 'host' => 'imap.example.com', 'user' => 'guykeny.ndayizeye8@gmail.com', 'attempt' => 1, 'retry' => FALSE]) C:\wamp64\www\doli\htdocs\custom\roundcubemodule\roundcube\program\lib\Roundcube\rcube_imap.php:172
[31-Jul-2025 07:32:02 UTC] PHP   5. rcube_imap_generic->_connect($host = 'imap.example.com') C:\wamp64\www\doli\htdocs\custom\roundcubemodule\roundcube\program\lib\Roundcube\rcube_imap_generic.php:940
[31-Jul-2025 07:32:02 UTC] PHP   6. stream_socket_client($address = 'ssl://imap.example.com:993', $error_code = 0, $error_message = '', $timeout = 60, $flags = 4, $context = resource(94) of type (stream-context)) C:\wamp64\www\doli\htdocs\custom\roundcubemodule\roundcube\program\lib\Roundcube\rcube_imap_generic.php:1059
[31-Jul-2025 07:32:02 +0000]: <5hgjd2vu> IMAP Error: Login failed for guykeny.ndayizeye8@gmail.com against imap.example.com from ::1. Could not connect to ssl://imap.example.com:993: php_network_getaddresses: getaddrinfo for imap.example.com failed: Hôte inconnu.  in C:\wamp64\www\doli\htdocs\custom\roundcubemodule\roundcube\program\lib\Roundcube\rcube_imap.php on line 211 (GET /doli/htdocs/custom/roundcubemodule/roundcube/?_autologin=1&dolibarr_id=1&secret=MyAx37okNmcBQWxsVIGDW29WDXiiuRkqZVZJQ364oyGFjCDzTvSznzQflQvsYpdW)
[31-Jul-2025 07:32:13 UTC] PHP Warning:  stream_socket_client(): php_network_getaddresses: getaddrinfo for imap.example.com failed: Hï¿½te inconnu.  in C:\wamp64\www\doli\htdocs\custom\roundcubemodule\roundcube\program\lib\Roundcube\rcube_imap_generic.php on line 1059
[31-Jul-2025 07:32:13 UTC] PHP Stack trace:
[31-Jul-2025 07:32:13 UTC] PHP   1. {main}() C:\wamp64\www\doli\htdocs\custom\roundcubemodule\roundcube\index.php:0
[31-Jul-2025 07:32:13 UTC] PHP   2. rcmail->login($username = 'guykeny.ndayizeye8@gmail.com', $password = 'yrtfzngztljfmiov', $host = 'ssl://imap.example.com:993', $cookiecheck = FALSE) C:\wamp64\www\doli\htdocs\custom\roundcubemodule\roundcube\index.php:119
[31-Jul-2025 07:32:13 UTC] PHP   3. rcube_imap->connect($host = 'imap.example.com', $user = 'guykeny.ndayizeye8@gmail.com', $pass = 'yrtfzngztljfmiov', $port = 993, $use_ssl = 'ssl') C:\wamp64\www\doli\htdocs\custom\roundcubemodule\roundcube\program\include\rcmail.php:780
[31-Jul-2025 07:32:13 UTC] PHP   4. rcube_imap_generic->connect($host = 'imap.example.com', $user = 'guykeny.ndayizeye8@gmail.com', $password = 'yrtfzngztljfmiov', $options = ['auth_type' => 'check', 'skip_deleted' => FALSE, 'auth_cid' => NULL, 'auth_pw' => NULL, 'debug' => TRUE, 'force_caps' => FALSE, 'disabled_caps' => [], 'socket_options' => ['ssl' => [...]], 'timeout' => 0, 'driver' => 'imap', 'abort' => FALSE, 'ssl_mode' => 'ssl', 'port' => 993, 'ident' => ['name' => 'Roundcube', 'version' => '1.6.11', 'php' => '8.3.14', 'os' => 'WINNT', 'command' => '/doli/htdocs/custom/roundcubemodule/roundcube/?_autologin=1&dolibarr_id=1&secret=MyAx37okNmcBQWxsVIGDW29WDXiiuRkqZVZJQ364oyGFjCDzTvSznzQflQvsYpdW'], 'host' => 'imap.example.com', 'user' => 'guykeny.ndayizeye8@gmail.com', 'attempt' => 1, 'retry' => FALSE]) C:\wamp64\www\doli\htdocs\custom\roundcubemodule\roundcube\program\lib\Roundcube\rcube_imap.php:172
[31-Jul-2025 07:32:13 UTC] PHP   5. rcube_imap_generic->_connect($host = 'imap.example.com') C:\wamp64\www\doli\htdocs\custom\roundcubemodule\roundcube\program\lib\Roundcube\rcube_imap_generic.php:940
[31-Jul-2025 07:32:13 UTC] PHP   6. stream_socket_client($address = 'ssl://imap.example.com:993', $error_code = 0, $error_message = '', $timeout = 60, $flags = 4, $context = resource(48) of type (stream-context)) C:\wamp64\www\doli\htdocs\custom\roundcubemodule\roundcube\program\lib\Roundcube\rcube_imap_generic.php:1059
[31-Jul-2025 07:32:13 UTC] PHP Warning:  stream_socket_client(): Unable to connect to ssl://imap.example.com:993 (php_network_getaddresses: getaddrinfo for imap.example.com failed: Hï¿½te inconnu. ) in C:\wamp64\www\doli\htdocs\custom\roundcubemodule\roundcube\program\lib\Roundcube\rcube_imap_generic.php on line 1059
[31-Jul-2025 07:32:13 UTC] PHP Stack trace:
[31-Jul-2025 07:32:13 UTC] PHP   1. {main}() C:\wamp64\www\doli\htdocs\custom\roundcubemodule\roundcube\index.php:0
[31-Jul-2025 07:32:13 UTC] PHP   2. rcmail->login($username = 'guykeny.ndayizeye8@gmail.com', $password = 'yrtfzngztljfmiov', $host = 'ssl://imap.example.com:993', $cookiecheck = FALSE) C:\wamp64\www\doli\htdocs\custom\roundcubemodule\roundcube\index.php:119
[31-Jul-2025 07:32:13 UTC] PHP   3. rcube_imap->connect($host = 'imap.example.com', $user = 'guykeny.ndayizeye8@gmail.com', $pass = 'yrtfzngztljfmiov', $port = 993, $use_ssl = 'ssl') C:\wamp64\www\doli\htdocs\custom\roundcubemodule\roundcube\program\include\rcmail.php:780
[31-Jul-2025 07:32:13 UTC] PHP   4. rcube_imap_generic->connect($host = 'imap.example.com', $user = 'guykeny.ndayizeye8@gmail.com', $password = 'yrtfzngztljfmiov', $options = ['auth_type' => 'check', 'skip_deleted' => FALSE, 'auth_cid' => NULL, 'auth_pw' => NULL, 'debug' => TRUE, 'force_caps' => FALSE, 'disabled_caps' => [], 'socket_options' => ['ssl' => [...]], 'timeout' => 0, 'driver' => 'imap', 'abort' => FALSE, 'ssl_mode' => 'ssl', 'port' => 993, 'ident' => ['name' => 'Roundcube', 'version' => '1.6.11', 'php' => '8.3.14', 'os' => 'WINNT', 'command' => '/doli/htdocs/custom/roundcubemodule/roundcube/?_autologin=1&dolibarr_id=1&secret=MyAx37okNmcBQWxsVIGDW29WDXiiuRkqZVZJQ364oyGFjCDzTvSznzQflQvsYpdW'], 'host' => 'imap.example.com', 'user' => 'guykeny.ndayizeye8@gmail.com', 'attempt' => 1, 'retry' => FALSE]) C:\wamp64\www\doli\htdocs\custom\roundcubemodule\roundcube\program\lib\Roundcube\rcube_imap.php:172
[31-Jul-2025 07:32:13 UTC] PHP   5. rcube_imap_generic->_connect($host = 'imap.example.com') C:\wamp64\www\doli\htdocs\custom\roundcubemodule\roundcube\program\lib\Roundcube\rcube_imap_generic.php:940
[31-Jul-2025 07:32:13 UTC] PHP   6. stream_socket_client($address = 'ssl://imap.example.com:993', $error_code = 0, $error_message = '', $timeout = 60, $flags = 4, $context = resource(48) of type (stream-context)) C:\wamp64\www\doli\htdocs\custom\roundcubemodule\roundcube\program\lib\Roundcube\rcube_imap_generic.php:1059
[31-Jul-2025 07:32:13 +0000]: <5hgjd2vu> IMAP Error: Login failed for guykeny.ndayizeye8@gmail.com against imap.example.com from ::1. Could not connect to ssl://imap.example.com:993: php_network_getaddresses: getaddrinfo for imap.example.com failed: Hôte inconnu.  in C:\wamp64\www\doli\htdocs\custom\roundcubemodule\roundcube\program\lib\Roundcube\rcube_imap.php on line 211 (GET /doli/htdocs/custom/roundcubemodule/roundcube/?_autologin=1&dolibarr_id=1&secret=MyAx37okNmcBQWxsVIGDW29WDXiiuRkqZVZJQ364oyGFjCDzTvSznzQflQvsYpdW)
[31-Jul-2025 07:32:46 UTC] PHP Warning:  stream_socket_client(): php_network_getaddresses: getaddrinfo for imap.example.com failed: Hï¿½te inconnu.  in C:\wamp64\www\doli\htdocs\custom\roundcubemodule\roundcube\program\lib\Roundcube\rcube_imap_generic.php on line 1059
[31-Jul-2025 07:32:46 UTC] PHP Stack trace:
[31-Jul-2025 07:32:46 UTC] PHP   1. {main}() C:\wamp64\www\doli\htdocs\custom\roundcubemodule\roundcube\index.php:0
[31-Jul-2025 07:32:46 UTC] PHP   2. rcmail->login($username = 'guykeny.ndayizeye8@gmail.com', $password = 'yrtfzngztljfmiov', $host = 'ssl://imap.example.com:993', $cookiecheck = FALSE) C:\wamp64\www\doli\htdocs\custom\roundcubemodule\roundcube\index.php:119
[31-Jul-2025 07:32:46 UTC] PHP   3. rcube_imap->connect($host = 'imap.example.com', $user = 'guykeny.ndayizeye8@gmail.com', $pass = 'yrtfzngztljfmiov', $port = 993, $use_ssl = 'ssl') C:\wamp64\www\doli\htdocs\custom\roundcubemodule\roundcube\program\include\rcmail.php:780
[31-Jul-2025 07:32:46 UTC] PHP   4. rcube_imap_generic->connect($host = 'imap.example.com', $user = 'guykeny.ndayizeye8@gmail.com', $password = 'yrtfzngztljfmiov', $options = ['auth_type' => 'check', 'skip_deleted' => FALSE, 'auth_cid' => NULL, 'auth_pw' => NULL, 'debug' => TRUE, 'force_caps' => FALSE, 'disabled_caps' => [], 'socket_options' => ['ssl' => [...]], 'timeout' => 0, 'driver' => 'imap', 'abort' => FALSE, 'ssl_mode' => 'ssl', 'port' => 993, 'ident' => ['name' => 'Roundcube', 'version' => '1.6.11', 'php' => '8.3.14', 'os' => 'WINNT', 'command' => '/doli/htdocs/custom/roundcubemodule/roundcube/?_autologin=1&dolibarr_id=1&secret=MyAx37okNmcBQWxsVIGDW29WDXiiuRkqZVZJQ364oyGFjCDzTvSznzQflQvsYpdW'], 'host' => 'imap.example.com', 'user' => 'guykeny.ndayizeye8@gmail.com', 'attempt' => 1, 'retry' => FALSE]) C:\wamp64\www\doli\htdocs\custom\roundcubemodule\roundcube\program\lib\Roundcube\rcube_imap.php:172
[31-Jul-2025 07:32:46 UTC] PHP   5. rcube_imap_generic->_connect($host = 'imap.example.com') C:\wamp64\www\doli\htdocs\custom\roundcubemodule\roundcube\program\lib\Roundcube\rcube_imap_generic.php:940
[31-Jul-2025 07:32:46 UTC] PHP   6. stream_socket_client($address = 'ssl://imap.example.com:993', $error_code = 0, $error_message = '', $timeout = 60, $flags = 4, $context = resource(48) of type (stream-context)) C:\wamp64\www\doli\htdocs\custom\roundcubemodule\roundcube\program\lib\Roundcube\rcube_imap_generic.php:1059
[31-Jul-2025 07:32:46 UTC] PHP Warning:  stream_socket_client(): Unable to connect to ssl://imap.example.com:993 (php_network_getaddresses: getaddrinfo for imap.example.com failed: Hï¿½te inconnu. ) in C:\wamp64\www\doli\htdocs\custom\roundcubemodule\roundcube\program\lib\Roundcube\rcube_imap_generic.php on line 1059
[31-Jul-2025 07:32:46 UTC] PHP Stack trace:
[31-Jul-2025 07:32:46 UTC] PHP   1. {main}() C:\wamp64\www\doli\htdocs\custom\roundcubemodule\roundcube\index.php:0
[31-Jul-2025 07:32:46 UTC] PHP   2. rcmail->login($username = 'guykeny.ndayizeye8@gmail.com', $password = 'yrtfzngztljfmiov', $host = 'ssl://imap.example.com:993', $cookiecheck = FALSE) C:\wamp64\www\doli\htdocs\custom\roundcubemodule\roundcube\index.php:119
[31-Jul-2025 07:32:46 UTC] PHP   3. rcube_imap->connect($host = 'imap.example.com', $user = 'guykeny.ndayizeye8@gmail.com', $pass = 'yrtfzngztljfmiov', $port = 993, $use_ssl = 'ssl') C:\wamp64\www\doli\htdocs\custom\roundcubemodule\roundcube\program\include\rcmail.php:780
[31-Jul-2025 07:32:46 UTC] PHP   4. rcube_imap_generic->connect($host = 'imap.example.com', $user = 'guykeny.ndayizeye8@gmail.com', $password = 'yrtfzngztljfmiov', $options = ['auth_type' => 'check', 'skip_deleted' => FALSE, 'auth_cid' => NULL, 'auth_pw' => NULL, 'debug' => TRUE, 'force_caps' => FALSE, 'disabled_caps' => [], 'socket_options' => ['ssl' => [...]], 'timeout' => 0, 'driver' => 'imap', 'abort' => FALSE, 'ssl_mode' => 'ssl', 'port' => 993, 'ident' => ['name' => 'Roundcube', 'version' => '1.6.11', 'php' => '8.3.14', 'os' => 'WINNT', 'command' => '/doli/htdocs/custom/roundcubemodule/roundcube/?_autologin=1&dolibarr_id=1&secret=MyAx37okNmcBQWxsVIGDW29WDXiiuRkqZVZJQ364oyGFjCDzTvSznzQflQvsYpdW'], 'host' => 'imap.example.com', 'user' => 'guykeny.ndayizeye8@gmail.com', 'attempt' => 1, 'retry' => FALSE]) C:\wamp64\www\doli\htdocs\custom\roundcubemodule\roundcube\program\lib\Roundcube\rcube_imap.php:172
[31-Jul-2025 07:32:46 UTC] PHP   5. rcube_imap_generic->_connect($host = 'imap.example.com') C:\wamp64\www\doli\htdocs\custom\roundcubemodule\roundcube\program\lib\Roundcube\rcube_imap_generic.php:940
[31-Jul-2025 07:32:46 UTC] PHP   6. stream_socket_client($address = 'ssl://imap.example.com:993', $error_code = 0, $error_message = '', $timeout = 60, $flags = 4, $context = resource(48) of type (stream-context)) C:\wamp64\www\doli\htdocs\custom\roundcubemodule\roundcube\program\lib\Roundcube\rcube_imap_generic.php:1059
[31-Jul-2025 07:32:46 +0000]: <5hgjd2vu> IMAP Error: Login failed for guykeny.ndayizeye8@gmail.com against imap.example.com from ::1. Could not connect to ssl://imap.example.com:993: php_network_getaddresses: getaddrinfo for imap.example.com failed: Hôte inconnu.  in C:\wamp64\www\doli\htdocs\custom\roundcubemodule\roundcube\program\lib\Roundcube\rcube_imap.php on line 211 (GET /doli/htdocs/custom/roundcubemodule/roundcube/?_autologin=1&dolibarr_id=1&secret=MyAx37okNmcBQWxsVIGDW29WDXiiuRkqZVZJQ364oyGFjCDzTvSznzQflQvsYpdW)
[31-Jul-2025 07:33:53 UTC] PHP Warning:  stream_socket_client(): php_network_getaddresses: getaddrinfo for imap.example.com failed: Hï¿½te inconnu.  in C:\wamp64\www\doli\htdocs\custom\roundcubemodule\roundcube\program\lib\Roundcube\rcube_imap_generic.php on line 1059
[31-Jul-2025 07:33:53 UTC] PHP Stack trace:
[31-Jul-2025 07:33:53 UTC] PHP   1. {main}() C:\wamp64\www\doli\htdocs\custom\roundcubemodule\roundcube\index.php:0
[31-Jul-2025 07:33:53 UTC] PHP   2. rcmail->login($username = 'guykeny.ndayizeye8@gmail.com', $password = 'yrtfzngztljfmiov', $host = 'ssl://imap.example.com:993', $cookiecheck = FALSE) C:\wamp64\www\doli\htdocs\custom\roundcubemodule\roundcube\index.php:119
[31-Jul-2025 07:33:53 UTC] PHP   3. rcube_imap->connect($host = 'imap.example.com', $user = 'guykeny.ndayizeye8@gmail.com', $pass = 'yrtfzngztljfmiov', $port = 993, $use_ssl = 'ssl') C:\wamp64\www\doli\htdocs\custom\roundcubemodule\roundcube\program\include\rcmail.php:780
[31-Jul-2025 07:33:53 UTC] PHP   4. rcube_imap_generic->connect($host = 'imap.example.com', $user = 'guykeny.ndayizeye8@gmail.com', $password = 'yrtfzngztljfmiov', $options = ['auth_type' => 'check', 'skip_deleted' => FALSE, 'auth_cid' => NULL, 'auth_pw' => NULL, 'debug' => TRUE, 'force_caps' => FALSE, 'disabled_caps' => [], 'socket_options' => ['ssl' => [...]], 'timeout' => 0, 'driver' => 'imap', 'abort' => FALSE, 'ssl_mode' => 'ssl', 'port' => 993, 'ident' => ['name' => 'Roundcube', 'version' => '1.6.11', 'php' => '8.3.14', 'os' => 'WINNT', 'command' => '/doli/htdocs/custom/roundcubemodule/roundcube/?_autologin=1&dolibarr_id=1&secret=MyAx37okNmcBQWxsVIGDW29WDXiiuRkqZVZJQ364oyGFjCDzTvSznzQflQvsYpdW'], 'host' => 'imap.example.com', 'user' => 'guykeny.ndayizeye8@gmail.com', 'attempt' => 1, 'retry' => FALSE]) C:\wamp64\www\doli\htdocs\custom\roundcubemodule\roundcube\program\lib\Roundcube\rcube_imap.php:172
[31-Jul-2025 07:33:53 UTC] PHP   5. rcube_imap_generic->_connect($host = 'imap.example.com') C:\wamp64\www\doli\htdocs\custom\roundcubemodule\roundcube\program\lib\Roundcube\rcube_imap_generic.php:940
[31-Jul-2025 07:33:53 UTC] PHP   6. stream_socket_client($address = 'ssl://imap.example.com:993', $error_code = 0, $error_message = '', $timeout = 60, $flags = 4, $context = resource(48) of type (stream-context)) C:\wamp64\www\doli\htdocs\custom\roundcubemodule\roundcube\program\lib\Roundcube\rcube_imap_generic.php:1059
[31-Jul-2025 07:33:53 UTC] PHP Warning:  stream_socket_client(): Unable to connect to ssl://imap.example.com:993 (php_network_getaddresses: getaddrinfo for imap.example.com failed: Hï¿½te inconnu. ) in C:\wamp64\www\doli\htdocs\custom\roundcubemodule\roundcube\program\lib\Roundcube\rcube_imap_generic.php on line 1059
[31-Jul-2025 07:33:53 UTC] PHP Stack trace:
[31-Jul-2025 07:33:53 UTC] PHP   1. {main}() C:\wamp64\www\doli\htdocs\custom\roundcubemodule\roundcube\index.php:0
[31-Jul-2025 07:33:53 UTC] PHP   2. rcmail->login($username = 'guykeny.ndayizeye8@gmail.com', $password = 'yrtfzngztljfmiov', $host = 'ssl://imap.example.com:993', $cookiecheck = FALSE) C:\wamp64\www\doli\htdocs\custom\roundcubemodule\roundcube\index.php:119
[31-Jul-2025 07:33:53 UTC] PHP   3. rcube_imap->connect($host = 'imap.example.com', $user = 'guykeny.ndayizeye8@gmail.com', $pass = 'yrtfzngztljfmiov', $port = 993, $use_ssl = 'ssl') C:\wamp64\www\doli\htdocs\custom\roundcubemodule\roundcube\program\include\rcmail.php:780
[31-Jul-2025 07:33:53 UTC] PHP   4. rcube_imap_generic->connect($host = 'imap.example.com', $user = 'guykeny.ndayizeye8@gmail.com', $password = 'yrtfzngztljfmiov', $options = ['auth_type' => 'check', 'skip_deleted' => FALSE, 'auth_cid' => NULL, 'auth_pw' => NULL, 'debug' => TRUE, 'force_caps' => FALSE, 'disabled_caps' => [], 'socket_options' => ['ssl' => [...]], 'timeout' => 0, 'driver' => 'imap', 'abort' => FALSE, 'ssl_mode' => 'ssl', 'port' => 993, 'ident' => ['name' => 'Roundcube', 'version' => '1.6.11', 'php' => '8.3.14', 'os' => 'WINNT', 'command' => '/doli/htdocs/custom/roundcubemodule/roundcube/?_autologin=1&dolibarr_id=1&secret=MyAx37okNmcBQWxsVIGDW29WDXiiuRkqZVZJQ364oyGFjCDzTvSznzQflQvsYpdW'], 'host' => 'imap.example.com', 'user' => 'guykeny.ndayizeye8@gmail.com', 'attempt' => 1, 'retry' => FALSE]) C:\wamp64\www\doli\htdocs\custom\roundcubemodule\roundcube\program\lib\Roundcube\rcube_imap.php:172
[31-Jul-2025 07:33:53 UTC] PHP   5. rcube_imap_generic->_connect($host = 'imap.example.com') C:\wamp64\www\doli\htdocs\custom\roundcubemodule\roundcube\program\lib\Roundcube\rcube_imap_generic.php:940
[31-Jul-2025 07:33:53 UTC] PHP   6. stream_socket_client($address = 'ssl://imap.example.com:993', $error_code = 0, $error_message = '', $timeout = 60, $flags = 4, $context = resource(48) of type (stream-context)) C:\wamp64\www\doli\htdocs\custom\roundcubemodule\roundcube\program\lib\Roundcube\rcube_imap_generic.php:1059
[31-Jul-2025 07:33:53 +0000]: <5hgjd2vu> IMAP Error: Login failed for guykeny.ndayizeye8@gmail.com against imap.example.com from ::1. Could not connect to ssl://imap.example.com:993: php_network_getaddresses: getaddrinfo for imap.example.com failed: Hôte inconnu.  in C:\wamp64\www\doli\htdocs\custom\roundcubemodule\roundcube\program\lib\Roundcube\rcube_imap.php on line 211 (GET /doli/htdocs/custom/roundcubemodule/roundcube/?_autologin=1&dolibarr_id=1&secret=MyAx37okNmcBQWxsVIGDW29WDXiiuRkqZVZJQ364oyGFjCDzTvSznzQflQvsYpdW)
[31-Jul-2025 08:48:49 UTC] PHP Warning:  stream_socket_client(): php_network_getaddresses: getaddrinfo for imap.gmal.com failed: Hï¿½te inconnu.  in C:\wamp64\www\do\htdocs\custom\roundcubemodule\roundcube\program\lib\Roundcube\rcube_imap_generic.php on line 1059
[31-Jul-2025 08:48:49 UTC] PHP Stack trace:
[31-Jul-2025 08:48:49 UTC] PHP   1. {main}() C:\wamp64\www\do\htdocs\custom\roundcubemodule\roundcube\index.php:0
[31-Jul-2025 08:48:49 UTC] PHP   2. rcmail->login($username = 'guykeny.ndayizeye8@gmail.com', $password = 'yrtfzngztljfmiov', $host = 'ssl://imap.gmal.com:993', $cookiecheck = FALSE) C:\wamp64\www\do\htdocs\custom\roundcubemodule\roundcube\index.php:119
[31-Jul-2025 08:48:49 UTC] PHP   3. rcube_imap->connect($host = 'imap.gmal.com', $user = 'guykeny.ndayizeye8@gmail.com', $pass = 'yrtfzngztljfmiov', $port = 993, $use_ssl = 'ssl') C:\wamp64\www\do\htdocs\custom\roundcubemodule\roundcube\program\include\rcmail.php:780
[31-Jul-2025 08:48:49 UTC] PHP   4. rcube_imap_generic->connect($host = 'imap.gmal.com', $user = 'guykeny.ndayizeye8@gmail.com', $password = 'yrtfzngztljfmiov', $options = ['auth_type' => 'check', 'skip_deleted' => FALSE, 'auth_cid' => NULL, 'auth_pw' => NULL, 'debug' => TRUE, 'force_caps' => FALSE, 'disabled_caps' => [], 'socket_options' => ['ssl' => [...]], 'timeout' => 0, 'driver' => 'imap', 'abort' => FALSE, 'ssl_mode' => 'ssl', 'port' => 993, 'ident' => ['name' => 'Roundcube', 'version' => '1.6.11', 'php' => '8.3.14', 'os' => 'WINNT', 'command' => '/do/htdocs/custom/roundcubemodule/roundcube/?_autologin=1&dolibarr_id=1&secret=MyAx37okNmcBQWxsVIGDW29WDXiiuRkqZVZJQ364oyGFjCDzTvSznzQflQvsYpdW'], 'host' => 'imap.gmal.com', 'user' => 'guykeny.ndayizeye8@gmail.com', 'attempt' => 1, 'retry' => FALSE]) C:\wamp64\www\do\htdocs\custom\roundcubemodule\roundcube\program\lib\Roundcube\rcube_imap.php:172
[31-Jul-2025 08:48:49 UTC] PHP   5. rcube_imap_generic->_connect($host = 'imap.gmal.com') C:\wamp64\www\do\htdocs\custom\roundcubemodule\roundcube\program\lib\Roundcube\rcube_imap_generic.php:940
[31-Jul-2025 08:48:49 UTC] PHP   6. stream_socket_client($address = 'ssl://imap.gmal.com:993', $error_code = 0, $error_message = '', $timeout = 60, $flags = 4, $context = resource(48) of type (stream-context)) C:\wamp64\www\do\htdocs\custom\roundcubemodule\roundcube\program\lib\Roundcube\rcube_imap_generic.php:1059
[31-Jul-2025 08:48:49 UTC] PHP Warning:  stream_socket_client(): Unable to connect to ssl://imap.gmal.com:993 (php_network_getaddresses: getaddrinfo for imap.gmal.com failed: Hï¿½te inconnu. ) in C:\wamp64\www\do\htdocs\custom\roundcubemodule\roundcube\program\lib\Roundcube\rcube_imap_generic.php on line 1059
[31-Jul-2025 08:48:49 UTC] PHP Stack trace:
[31-Jul-2025 08:48:49 UTC] PHP   1. {main}() C:\wamp64\www\do\htdocs\custom\roundcubemodule\roundcube\index.php:0
[31-Jul-2025 08:48:49 UTC] PHP   2. rcmail->login($username = 'guykeny.ndayizeye8@gmail.com', $password = 'yrtfzngztljfmiov', $host = 'ssl://imap.gmal.com:993', $cookiecheck = FALSE) C:\wamp64\www\do\htdocs\custom\roundcubemodule\roundcube\index.php:119
[31-Jul-2025 08:48:49 UTC] PHP   3. rcube_imap->connect($host = 'imap.gmal.com', $user = 'guykeny.ndayizeye8@gmail.com', $pass = 'yrtfzngztljfmiov', $port = 993, $use_ssl = 'ssl') C:\wamp64\www\do\htdocs\custom\roundcubemodule\roundcube\program\include\rcmail.php:780
[31-Jul-2025 08:48:49 UTC] PHP   4. rcube_imap_generic->connect($host = 'imap.gmal.com', $user = 'guykeny.ndayizeye8@gmail.com', $password = 'yrtfzngztljfmiov', $options = ['auth_type' => 'check', 'skip_deleted' => FALSE, 'auth_cid' => NULL, 'auth_pw' => NULL, 'debug' => TRUE, 'force_caps' => FALSE, 'disabled_caps' => [], 'socket_options' => ['ssl' => [...]], 'timeout' => 0, 'driver' => 'imap', 'abort' => FALSE, 'ssl_mode' => 'ssl', 'port' => 993, 'ident' => ['name' => 'Roundcube', 'version' => '1.6.11', 'php' => '8.3.14', 'os' => 'WINNT', 'command' => '/do/htdocs/custom/roundcubemodule/roundcube/?_autologin=1&dolibarr_id=1&secret=MyAx37okNmcBQWxsVIGDW29WDXiiuRkqZVZJQ364oyGFjCDzTvSznzQflQvsYpdW'], 'host' => 'imap.gmal.com', 'user' => 'guykeny.ndayizeye8@gmail.com', 'attempt' => 1, 'retry' => FALSE]) C:\wamp64\www\do\htdocs\custom\roundcubemodule\roundcube\program\lib\Roundcube\rcube_imap.php:172
[31-Jul-2025 08:48:49 UTC] PHP   5. rcube_imap_generic->_connect($host = 'imap.gmal.com') C:\wamp64\www\do\htdocs\custom\roundcubemodule\roundcube\program\lib\Roundcube\rcube_imap_generic.php:940
[31-Jul-2025 08:48:49 UTC] PHP   6. stream_socket_client($address = 'ssl://imap.gmal.com:993', $error_code = 0, $error_message = '', $timeout = 60, $flags = 4, $context = resource(48) of type (stream-context)) C:\wamp64\www\do\htdocs\custom\roundcubemodule\roundcube\program\lib\Roundcube\rcube_imap_generic.php:1059
[31-Jul-2025 08:48:49 +0000]: <p6m0o659> IMAP Error: Login failed for guykeny.ndayizeye8@gmail.com against imap.gmal.com from ::1. Could not connect to ssl://imap.gmal.com:993: php_network_getaddresses: getaddrinfo for imap.gmal.com failed: Hôte inconnu.  in C:\wamp64\www\do\htdocs\custom\roundcubemodule\roundcube\program\lib\Roundcube\rcube_imap.php on line 211 (GET /do/htdocs/custom/roundcubemodule/roundcube/?_autologin=1&dolibarr_id=1&secret=MyAx37okNmcBQWxsVIGDW29WDXiiuRkqZVZJQ364oyGFjCDzTvSznzQflQvsYpdW)
[31-Jul-2025 08:57:06 +0000]: <s3bqrvoh> IMAP Error: Login failed for opoinsot@accens-avocats.com against imap.gmail.com from ::1. AUTHENTICATE PLAIN: Invalid credentials (Failure) in C:\wamp64\www\do\htdocs\custom\roundcubemodule\roundcube\program\lib\Roundcube\rcube_imap.php on line 211 (GET /do/htdocs/custom/roundcubemodule/roundcube/?_autologin=1&dolibarr_id=1&secret=MyAx37okNmcBQWxsVIGDW29WDXiiuRkqZVZJQ364oyGFjCDzTvSznzQflQvsYpdW)
[31-Jul-2025 12:58:35 UTC] PHP Warning:  stream_socket_client(): php_network_getaddresses: getaddrinfo for imap.gmal.com failed: Hï¿½te inconnu.  in C:\wamp64\www\AA1_doli\htdocs\custom\roundcubemodule\roundcube\program\lib\Roundcube\rcube_imap_generic.php on line 1059
[31-Jul-2025 12:58:35 UTC] PHP Stack trace:
[31-Jul-2025 12:58:35 UTC] PHP   1. {main}() C:\wamp64\www\AA1_doli\htdocs\custom\roundcubemodule\roundcube\index.php:0
[31-Jul-2025 12:58:35 UTC] PHP   2. rcmail->login($username = 'guykeny.ndayizeye8@gmail.com', $password = 'yrtfzngztljfmiov', $host = 'ssl://imap.gmal.com:993', $cookiecheck = FALSE) C:\wamp64\www\AA1_doli\htdocs\custom\roundcubemodule\roundcube\index.php:119
[31-Jul-2025 12:58:35 UTC] PHP   3. rcube_imap->connect($host = 'imap.gmal.com', $user = 'guykeny.ndayizeye8@gmail.com', $pass = 'yrtfzngztljfmiov', $port = 993, $use_ssl = 'ssl') C:\wamp64\www\AA1_doli\htdocs\custom\roundcubemodule\roundcube\program\include\rcmail.php:780
[31-Jul-2025 12:58:35 UTC] PHP   4. rcube_imap_generic->connect($host = 'imap.gmal.com', $user = 'guykeny.ndayizeye8@gmail.com', $password = 'yrtfzngztljfmiov', $options = ['auth_type' => 'check', 'skip_deleted' => FALSE, 'auth_cid' => NULL, 'auth_pw' => NULL, 'debug' => TRUE, 'force_caps' => FALSE, 'disabled_caps' => [], 'socket_options' => ['ssl' => [...]], 'timeout' => 0, 'driver' => 'imap', 'abort' => FALSE, 'ssl_mode' => 'ssl', 'port' => 993, 'ident' => ['name' => 'Roundcube', 'version' => '1.6.11', 'php' => '8.3.14', 'os' => 'WINNT', 'command' => '/AA1_doli/htdocs/custom/roundcubemodule/roundcube/?_autologin=1&dolibarr_id=17&secret=MyAx37okNmcBQWxsVIGDW29WDXiiuRkqZVZJQ364oyGFjCDzTvSznzQflQvsYpdW'], 'host' => 'imap.gmal.com', 'user' => 'guykeny.ndayizeye8@gmail.com', 'attempt' => 1, 'retry' => FALSE]) C:\wamp64\www\AA1_doli\htdocs\custom\roundcubemodule\roundcube\program\lib\Roundcube\rcube_imap.php:172
[31-Jul-2025 12:58:35 UTC] PHP   5. rcube_imap_generic->_connect($host = 'imap.gmal.com') C:\wamp64\www\AA1_doli\htdocs\custom\roundcubemodule\roundcube\program\lib\Roundcube\rcube_imap_generic.php:940
[31-Jul-2025 12:58:35 UTC] PHP   6. stream_socket_client($address = 'ssl://imap.gmal.com:993', $error_code = 0, $error_message = '', $timeout = 60, $flags = 4, $context = resource(46) of type (stream-context)) C:\wamp64\www\AA1_doli\htdocs\custom\roundcubemodule\roundcube\program\lib\Roundcube\rcube_imap_generic.php:1059
[31-Jul-2025 12:58:35 UTC] PHP Warning:  stream_socket_client(): Unable to connect to ssl://imap.gmal.com:993 (php_network_getaddresses: getaddrinfo for imap.gmal.com failed: Hï¿½te inconnu. ) in C:\wamp64\www\AA1_doli\htdocs\custom\roundcubemodule\roundcube\program\lib\Roundcube\rcube_imap_generic.php on line 1059
[31-Jul-2025 12:58:35 UTC] PHP Stack trace:
[31-Jul-2025 12:58:35 UTC] PHP   1. {main}() C:\wamp64\www\AA1_doli\htdocs\custom\roundcubemodule\roundcube\index.php:0
[31-Jul-2025 12:58:35 UTC] PHP   2. rcmail->login($username = 'guykeny.ndayizeye8@gmail.com', $password = 'yrtfzngztljfmiov', $host = 'ssl://imap.gmal.com:993', $cookiecheck = FALSE) C:\wamp64\www\AA1_doli\htdocs\custom\roundcubemodule\roundcube\index.php:119
[31-Jul-2025 12:58:35 UTC] PHP   3. rcube_imap->connect($host = 'imap.gmal.com', $user = 'guykeny.ndayizeye8@gmail.com', $pass = 'yrtfzngztljfmiov', $port = 993, $use_ssl = 'ssl') C:\wamp64\www\AA1_doli\htdocs\custom\roundcubemodule\roundcube\program\include\rcmail.php:780
[31-Jul-2025 12:58:35 UTC] PHP   4. rcube_imap_generic->connect($host = 'imap.gmal.com', $user = 'guykeny.ndayizeye8@gmail.com', $password = 'yrtfzngztljfmiov', $options = ['auth_type' => 'check', 'skip_deleted' => FALSE, 'auth_cid' => NULL, 'auth_pw' => NULL, 'debug' => TRUE, 'force_caps' => FALSE, 'disabled_caps' => [], 'socket_options' => ['ssl' => [...]], 'timeout' => 0, 'driver' => 'imap', 'abort' => FALSE, 'ssl_mode' => 'ssl', 'port' => 993, 'ident' => ['name' => 'Roundcube', 'version' => '1.6.11', 'php' => '8.3.14', 'os' => 'WINNT', 'command' => '/AA1_doli/htdocs/custom/roundcubemodule/roundcube/?_autologin=1&dolibarr_id=17&secret=MyAx37okNmcBQWxsVIGDW29WDXiiuRkqZVZJQ364oyGFjCDzTvSznzQflQvsYpdW'], 'host' => 'imap.gmal.com', 'user' => 'guykeny.ndayizeye8@gmail.com', 'attempt' => 1, 'retry' => FALSE]) C:\wamp64\www\AA1_doli\htdocs\custom\roundcubemodule\roundcube\program\lib\Roundcube\rcube_imap.php:172
[31-Jul-2025 12:58:35 UTC] PHP   5. rcube_imap_generic->_connect($host = 'imap.gmal.com') C:\wamp64\www\AA1_doli\htdocs\custom\roundcubemodule\roundcube\program\lib\Roundcube\rcube_imap_generic.php:940
[31-Jul-2025 12:58:35 UTC] PHP   6. stream_socket_client($address = 'ssl://imap.gmal.com:993', $error_code = 0, $error_message = '', $timeout = 60, $flags = 4, $context = resource(46) of type (stream-context)) C:\wamp64\www\AA1_doli\htdocs\custom\roundcubemodule\roundcube\program\lib\Roundcube\rcube_imap_generic.php:1059
[31-Jul-2025 12:58:35 +0000]: <jfhbrfp5> IMAP Error: Login failed for guykeny.ndayizeye8@gmail.com against imap.gmal.com from ::1. Could not connect to ssl://imap.gmal.com:993: php_network_getaddresses: getaddrinfo for imap.gmal.com failed: Hôte inconnu.  in C:\wamp64\www\AA1_doli\htdocs\custom\roundcubemodule\roundcube\program\lib\Roundcube\rcube_imap.php on line 211 (GET /AA1_doli/htdocs/custom/roundcubemodule/roundcube/?_autologin=1&dolibarr_id=17&secret=MyAx37okNmcBQWxsVIGDW29WDXiiuRkqZVZJQ364oyGFjCDzTvSznzQflQvsYpdW)
[05-Aug-2025 18:01:46 +0000]: <nrk41rhh> DB Error: SQLSTATE[HY000] [1045] Access denied for user 'root'@'localhost' (using password: NO) in /Applications/MAMP/htdocs/do/htdocs/custom/roundcubemodule/roundcube/program/lib/Roundcube/rcube_db.php on line 201 (GET /do/htdocs/custom/roundcubemodule/roundcube/?_autologin=1&dolibarr_id=1&secret=MyAx37okNmcBQWxsVIGDW29WDXiiuRkqZVZJQ364oyGFjCDzTvSznzQflQvsYpdW)
[05-Aug-2025 18:02:07 +0000]: <nrk41rhh> DB Error: SQLSTATE[HY000] [1045] Access denied for user 'root'@'localhost' (using password: NO) in /Applications/MAMP/htdocs/do/htdocs/custom/roundcubemodule/roundcube/program/lib/Roundcube/rcube_db.php on line 201 (GET /do/htdocs/custom/roundcubemodule/roundcube/?_autologin=1&_task=mail&_action=compose&to=guykeny.ndayizeye8%40gmail.com)
