[30-Jul-2025 12:21:38 +0000]: <tm9fmnvn> User guykeny.ndayizeye8@gmail.com [::1]; Message <0b2e488e77829c8802c346b48464a9b3@gmail.com> for guydany8@gmail.com; 250: 2.0.0 OK  1753878098 ffacd0b85a97d-3b781d2fb95sm13292722f8f.7 - gsmtp
[30-Jul-2025 12:31:59 +0000]: <tm9fmnvn> User guykeny.ndayizeye8@gmail.com [::1]; Message <1dd4079eda58ec47f6c85544dd84fd15@gmail.com> for guydany8@gmail.com; 250: 2.0.0 OK  1753878718 ffacd0b85a97d-3b7816e3641sm13824654f8f.73 - gsmtp
[30-Jul-2025 12:43:43 +0000]: <tm9fmnvn> User guykeny.ndayizeye8@gmail.com [::1]; Message <7802842568e83f4bb653b8fc30c20551@gmail.com> for guydany8@gmail.com; 250: 2.0.0 OK  1753879422 5b1f17b1804b1-4589536a72asm25874235e9.1 - gsmtp
[30-Jul-2025 12:51:49 +0000]: <tm9fmnvn> User guykeny.ndayizeye8@gmail.com [::1]; Message <25752073a7f25970cf26f584ee291099@gmail.com> for guydany8@gmail.com; 250: 2.0.0 OK  1753879909 5b1f17b1804b1-458953b3471sm25654085e9.30 - gsmtp
[30-Jul-2025 12:59:49 +0000]: <tm9fmnvn> User guykeny.ndayizeye8@gmail.com [::1]; Message <9af2084ba3df179de2ae271d28fffc16@gmail.com> for guydany8@gmail.com; 250: 2.0.0 OK  1753880389 ffacd0b85a97d-3b778f04abcsm15494566f8f.48 - gsmtp
[30-Jul-2025 13:04:32 +0000]: <tm9fmnvn> User guykeny.ndayizeye8@gmail.com [::1]; Message <099d34b7f6dd0f5ed8291af4f74b719d@gmail.com> for guydany8@gmail.com; 250: 2.0.0 OK  1753880672 ffacd0b85a97d-3b78ba0b8e1sm7801158f8f.40 - gsmtp
[30-Jul-2025 13:16:53 +0000]: <tm9fmnvn> User guykeny.ndayizeye8@gmail.com [::1]; Message <628a0677bf7717af021c3816e405c1cf@gmail.com> for guydany8@gmail.com; 250: 2.0.0 OK  1753881413 5b1f17b1804b1-4589536a664sm27222435e9.5 - gsmtp
[30-Jul-2025 13:23:30 +0000]: <tm9fmnvn> User guykeny.ndayizeye8@gmail.com [::1]; Message <d7609f38825bc88f0ac8286fe28db666@gmail.com> for guydany8@gmail.com; 250: 2.0.0 OK  1753881810 5b1f17b1804b1-458953eb7acsm26172645e9.28 - gsmtp
[30-Jul-2025 13:26:33 +0000]: <tm9fmnvn> User guykeny.ndayizeye8@gmail.com [::1]; Message <34f2d530cb2220f78d8c73bee6cb9995@gmail.com> for guydany8@gmail.com; 250: 2.0.0 OK  1753881993 ffacd0b85a97d-3b778f0c48bsm15433465f8f.61 - gsmtp
[30-Jul-2025 13:33:43 +0000]: <tm9fmnvn> User guykeny.ndayizeye8@gmail.com [::1]; Message <bcec0445a18a6df80c07bb97fff333ea@gmail.com> for guydany8@gmail.com; 250: 2.0.0 OK  1753882423 5b1f17b1804b1-458953b33e5sm26788045e9.32 - gsmtp
[30-Jul-2025 13:38:10 +0000]: <tm9fmnvn> User guykeny.ndayizeye8@gmail.com [::1]; Message <c7c6b2a4d0055ac1ef59ff50875e8105@gmail.com> for guydany8@gmail.com; 250: 2.0.0 OK  1753882690 ffacd0b85a97d-3b778ebaca7sm16253713f8f.30 - gsmtp
[30-Jul-2025 13:47:54 +0000]: <tm9fmnvn> User guykeny.ndayizeye8@gmail.com [::1]; Message <ef410472507ddd719b43df4dc5f08734@gmail.com> for guydany8@gmail.com; 250: 2.0.0 OK  1753883274 ffacd0b85a97d-3b795bf9719sm2776840f8f.63 - gsmtp
[30-Jul-2025 13:51:26 +0000]: <tm9fmnvn> User guykeny.ndayizeye8@gmail.com [::1]; Message <3eb969767cab5a4401c6cdcde761d988@gmail.com> for guydany8@gmail.com; 250: 2.0.0 OK  1753883486 5b1f17b1804b1-4588d89c50fsm41978585e9.0 - gsmtp
[30-Jul-2025 13:59:31 +0000]: <tm9fmnvn> User guykeny.ndayizeye8@gmail.com [::1]; Message <eab9030127837ac5e060fd2ad1606084@gmail.com> for guydany8@gmail.com; 250: 2.0.0 OK  1753883971 ffacd0b85a97d-3b778f034a6sm16123245f8f.47 - gsmtp
[30-Jul-2025 14:08:33 +0000]: <tm9fmnvn> User guykeny.ndayizeye8@gmail.com [::1]; Message <56e8a4a62ca91dc42a949214077f90e8@gmail.com> for guydany8@gmail.com; 250: 2.0.0 OK  1753884513 ffacd0b85a97d-3b788f5f27esm9984758f8f.14 - gsmtp
[30-Jul-2025 14:24:25 +0000]: <tm9fmnvn> User guykeny.ndayizeye8@gmail.com [::1]; Message <1972000b415d7f28457a3b1ac341f0fd@gmail.com> for guydany8@gmail.com; 250: 2.0.0 OK  1753885465 ffacd0b85a97d-3b792ce46fbsm5308773f8f.0 - gsmtp
[31-Jul-2025 07:10:27 +0000]: <5hgjd2vu> User guykeny.ndayizeye8@gmail.com [::1]; Message <473d6e75070da4ef472cffda4b28404f@gmail.com> for guydany8@gmail.com; 250: 2.0.0 OK  1753945828 ffacd0b85a97d-3b79c3abf0csm1334448f8f.14 - gsmtp
[31-Jul-2025 07:43:41 +0000]: <5gc3i5qa> User opoinsot@accens-avocats.com [::1]; Message <f4bbdb155533924f5e0de9a22030850b@accens-avocats.com> for guydany8@gmail.com; 250: OK id=1uhNx0-00000008wmx-1LI0
[31-Jul-2025 14:43:02 +0000]: <qbndmsl2> User guykeny.ndayizeye8@gmail.com [::1]; Message <592a6d0627f8906556ea79344289e456@gmail.com> for guydany8@gmail.com; 250: 2.0.0 OK  1753972984 5b1f17b1804b1-4588d8fe544sm64209085e9.1 - gsmtp
[31-Jul-2025 14:44:16 +0000]: <qbndmsl2> User guykeny.ndayizeye8@gmail.com [::1]; Message <b047797e6c88246db32f7836856d127b@gmail.com> for guykeny.ndayizeye8@gmail.com; 250: 2.0.0 OK  1753973057 ffacd0b85a97d-3b79c4a6f6fsm2726893f8f.74 - gsmtp
